<?xml version="1.0" encoding="UTF-8"?>
<!-- Generated by org.testng.reporters.JUnitReportReporter -->
<testsuite hostname="555Manash" failures="0" tests="4" name="api.test.UserTests2" time="37.095" errors="0" timestamp="2025-04-26T19:41:11 IST" skipped="0">
  <testcase classname="api.test.UserTests2" name="testPostUser" time="9.104"/>
  <testcase classname="api.test.UserTests2" name="testGetUserByName" time="2.692"/>
  <testcase classname="api.test.UserTests2" name="testUpdateUserByName" time="8.118"/>
  <testcase classname="api.test.UserTests2" name="testDeleteUserByName" time="17.181"/>
</testsuite> <!-- api.test.UserTests2 -->
